2026-01-15 19:24:47 | INFO | P01 | =================
2026-01-15 19:24:47 | INFO | P01 | === RUN START ===
2026-01-15 19:24:47 | INFO | P01 | project=Foundations of Professional Python
2026-01-15 19:24:47 | INFO | P01 | repo_dir=datafun-01-foundations
2026-01-15 19:24:47 | INFO | P01 | python=3.14.2
2026-01-15 19:24:47 | INFO | P01 | os=Windows 11
2026-01-15 19:24:47 | INFO | P01 | shell=powershell
2026-01-15 19:24:47 | INFO | P01 | cwd=.
2026-01-15 19:24:47 | INFO | P01 | github_actions=False
2026-01-15 19:24:47 | INFO | P01 | =================
2026-01-15 19:24:47 | INFO | P01 | START main()..................
2026-01-15 19:24:47 | INFO | P01 | Generated formatted multi-line SUMMARY string.
2026-01-15 19:24:47 | INFO | P01 | Returning the str to the calling function.
2026-01-15 19:24:47 | INFO | P01 | 
    Course Information:
        Course name: Data Analytics Fundamentals
        Course number: 608
        Course hrs/wk: 20.00
        Assumes prior experience: False
        Uses Professional Python: True
        Helpful traits: ['patience', 'curiosity', 'humor', 'tenacity']
    
2026-01-15 19:24:47 | INFO | P01 | Generated formatted multi-line SUMMARY string.
2026-01-15 19:24:47 | INFO | P01 | Returning the str to the calling function.
2026-01-15 19:24:47 | INFO | P01 | 
    Descriptive Statistics for Snowfall (inches):
        Total snowfall: 22.50 inches
        Count of measurements: 5
        Minimum snowfall: 2.50 inches
        Maximum snowfall: 6.50 inches
        Average snowfall: 4.50 inches
        Standard deviation: 1.58 inches
    
2026-01-15 19:24:47 | INFO | P01 | END main()..................
2026-01-15 19:25:03 | INFO | P01 | Generated formatted multi-line SUMMARY string.
2026-01-15 19:25:03 | INFO | P01 | Returning the str to the calling function.
2026-01-15 19:25:28 | INFO | P01 | Generated formatted multi-line SUMMARY string.
2026-01-15 19:25:28 | INFO | P01 | Returning the str to the calling function.
2026-01-15 19:58:55 | INFO | P01 | =================
2026-01-15 19:58:55 | INFO | P01 | === RUN START ===
2026-01-15 19:58:55 | INFO | P01 | project=Foundations of Professional Python
2026-01-15 19:58:55 | INFO | P01 | repo_dir=datafun-01-foundations
2026-01-15 19:58:55 | INFO | P01 | python=3.14.2
2026-01-15 19:58:55 | INFO | P01 | os=Windows 11
2026-01-15 19:58:55 | INFO | P01 | shell=powershell
2026-01-15 19:58:55 | INFO | P01 | cwd=.
2026-01-15 19:58:55 | INFO | P01 | github_actions=False
2026-01-15 19:58:55 | INFO | P01 | =================
2026-01-15 19:58:55 | INFO | P01 | START main()..................
2026-01-15 19:58:55 | INFO | P01 | Generated formatted multi-line SUMMARY string.
2026-01-15 19:58:55 | INFO | P01 | Returning the str to the calling function.
2026-01-15 19:58:55 | INFO | P01 | 
    Course Information:
        Course name: Data Analytics Fundamentals
        Course number: 608
        Course hrs/wk: 20.00
        Assumes prior experience: False
        Uses Professional Python: True
        Helpful traits: ['patience', 'curiosity', 'humor', 'tenacity']
    
2026-01-15 19:58:55 | INFO | P01 | Generated formatted multi-line SUMMARY string.
2026-01-15 19:58:55 | INFO | P01 | Returning the str to the calling function.
2026-01-15 19:58:55 | INFO | P01 | 
    Descriptive Statistics for Snowfall (inches):
        Total snowfall: 22.50 inches
        Count of measurements: 5
        Minimum snowfall: 2.50 inches
        Maximum snowfall: 6.50 inches
        Average snowfall: 4.50 inches
        Standard deviation: 1.58 inches
    
2026-01-15 19:58:55 | INFO | P01 | END main()..................
2026-01-15 19:59:34 | INFO | P01 | =================
2026-01-15 19:59:34 | INFO | P01 | === RUN START ===
2026-01-15 19:59:34 | INFO | P01 | project=Foundations of Professional Python
2026-01-15 19:59:34 | INFO | P01 | repo_dir=datafun-01-foundations
2026-01-15 19:59:34 | INFO | P01 | python=3.14.2
2026-01-15 19:59:34 | INFO | P01 | os=Windows 11
2026-01-15 19:59:34 | INFO | P01 | shell=powershell
2026-01-15 19:59:34 | INFO | P01 | cwd=.
2026-01-15 19:59:34 | INFO | P01 | github_actions=False
2026-01-15 19:59:34 | INFO | P01 | =================
2026-01-15 19:59:34 | INFO | P01 | START main()..................
2026-01-15 19:59:34 | INFO | P01 | Generated formatted multi-line SUMMARY string.
2026-01-15 19:59:34 | INFO | P01 | Returning the str to the calling function.
2026-01-15 19:59:34 | INFO | P01 | 
    Course Information:
        Course name: Data Analytics Fundamentals
        Course number: 608
        Course hrs/wk: 20.00
        Assumes prior experience: False
        Uses Professional Python: True
        Helpful traits: ['patience', 'curiosity', 'humor', 'tenacity']
    
2026-01-15 19:59:34 | INFO | P01 | Generated formatted multi-line SUMMARY string.
2026-01-15 19:59:34 | INFO | P01 | Returning the str to the calling function.
2026-01-15 19:59:34 | INFO | P01 | 
    Descriptive Statistics for Snowfall (inches):
        Total snowfall: 22.50 inches
        Count of measurements: 5
        Minimum snowfall: 2.50 inches
        Maximum snowfall: 6.50 inches
        Average snowfall: 4.50 inches
        Standard deviation: 1.58 inches
    
2026-01-15 19:59:34 | INFO | P01 | END main()..................
2026-01-15 19:59:34 | INFO | P01 | =================
2026-01-15 19:59:34 | INFO | P01 | === RUN START ===
2026-01-15 19:59:34 | INFO | P01 | project=Foundations of Professional Python
2026-01-15 19:59:34 | INFO | P01 | repo_dir=datafun-01-foundations
2026-01-15 19:59:34 | INFO | P01 | python=3.14.2
2026-01-15 19:59:34 | INFO | P01 | os=Windows 11
2026-01-15 19:59:34 | INFO | P01 | shell=powershell
2026-01-15 19:59:34 | INFO | P01 | cwd=.
2026-01-15 19:59:34 | INFO | P01 | github_actions=False
2026-01-15 19:59:34 | INFO | P01 | =================
2026-01-15 19:59:34 | INFO | P01 | START main()..................
2026-01-15 19:59:34 | INFO | P01 | Generated formatted multi-line SUMMARY string.
2026-01-15 19:59:34 | INFO | P01 | Returning the str to the calling function.
2026-01-15 19:59:34 | INFO | P01 | 
    Custom Information:
        Company name: DataFun Analytics
        Employee count: 150
        TODO: Add your other global variables below:





    
2026-01-15 19:59:34 | INFO | P01 | Generated formatted multi-line SUMMARY string.
2026-01-15 19:59:34 | INFO | P01 | Returning the str to the calling function.
2026-01-15 19:59:34 | INFO | P01 | 
    Descriptive Statistics for Snowfall (inches):
        Total snowfall: 22.50 inches
        TODO: Add your count of measurements below:

        TODO: Add your minimum and maximum snowfall below:

        Average snowfall: 4.50 inches
        TODO: Add your standard deviation below:

    
2026-01-15 19:59:34 | INFO | P01 | END main()..................
2026-01-15 22:16:03 | INFO | P01 | Generated formatted multi-line SUMMARY string.
2026-01-15 22:16:03 | INFO | P01 | Returning the str to the calling function.
2026-01-15 22:49:38 | INFO | P01 | =================
2026-01-15 22:49:38 | INFO | P01 | === RUN START ===
2026-01-15 22:49:38 | INFO | P01 | project=Foundations of Professional Python
2026-01-15 22:49:38 | INFO | P01 | repo_dir=datafun-01-foundations
2026-01-15 22:49:38 | INFO | P01 | python=3.14.2
2026-01-15 22:49:39 | INFO | P01 | os=Windows 11
2026-01-15 22:49:39 | INFO | P01 | shell=powershell
2026-01-15 22:49:39 | INFO | P01 | cwd=.
2026-01-15 22:49:39 | INFO | P01 | github_actions=False
2026-01-15 22:49:39 | INFO | P01 | =================
2026-01-15 22:49:39 | INFO | P01 | START main()..................
2026-01-15 22:49:39 | INFO | P01 | Generated formatted multi-line SUMMARY string.
2026-01-15 22:49:39 | INFO | P01 | Returning the str to the calling function.
2026-01-15 22:49:39 | INFO | P01 | 
    Custom Information:
        Company name: DataFun Analytics
        Employee count: 150
        Department: Data Analytics
        Budget: $500,000
        Growth Rate: 15.0%
        Is Certified: True
        Services: Analytics, Data Science, Machine Learning, Consulting
    
2026-01-15 22:49:39 | INFO | P01 | Generated formatted multi-line SUMMARY string.
2026-01-15 22:49:39 | INFO | P01 | Returning the str to the calling function.
2026-01-15 22:49:39 | INFO | P01 | 
    Descriptive Statistics for Snowfall (inches):
        Total snowfall: 23.00 inches
        Count of measurements: 5
        Minimum snowfall: 2.50 inches
        Maximum snowfall: 6.50 inches
        Average snowfall: 4.60 inches
        Standard deviation: 1.60 inches
    
2026-01-15 22:49:39 | INFO | P01 | END main()..................
2026-01-15 23:02:49 | INFO | P01 | =================
2026-01-15 23:02:49 | INFO | P01 | === RUN START ===
2026-01-15 23:02:49 | INFO | P01 | project=Foundations of Professional Python
2026-01-15 23:02:49 | INFO | P01 | repo_dir=datafun-01-foundations
2026-01-15 23:02:49 | INFO | P01 | python=3.14.2
2026-01-15 23:02:49 | INFO | P01 | os=Windows 11
2026-01-15 23:02:49 | INFO | P01 | shell=powershell
2026-01-15 23:02:49 | INFO | P01 | cwd=.
2026-01-15 23:02:49 | INFO | P01 | github_actions=False
2026-01-15 23:02:49 | INFO | P01 | =================
2026-01-15 23:02:49 | INFO | P01 | START main()..................
2026-01-15 23:02:49 | INFO | P01 | Generated formatted multi-line SUMMARY string.
2026-01-15 23:02:49 | INFO | P01 | Returning the str to the calling function.
2026-01-15 23:02:49 | INFO | P01 | 
    Custom Information:
        Company name: DataFun Analytics
        Employee count: 150
        Specialty: Data Science
        Years experience: 8
        Salary factor: 1.25
        Is manager: False
        Skills: Python, SQL, Machine Learning, Data Visualization
    
2026-01-15 23:02:49 | INFO | P01 | Generated formatted multi-line SUMMARY string.
2026-01-15 23:02:49 | INFO | P01 | Returning the str to the calling function.
2026-01-15 23:02:49 | INFO | P01 | 
    Descriptive Statistics for Snowfall (inches):
        Total snowfall: 24.00 inches
        Count of measurements: 5
        Minimum snowfall: 2.50 inches
        Maximum snowfall: 6.50 inches
        Average snowfall: 4.80 inches
        Standard deviation: 1.72 inches
    
2026-01-15 23:02:49 | INFO | P01 | END main()..................
2026-01-16 14:57:35 | INFO | P01 | Generated formatted multi-line SUMMARY string.
2026-01-16 14:57:35 | INFO | P01 | Returning the str to the calling function.
2026-01-16 16:13:57 | INFO | P01 | =================
2026-01-16 16:13:57 | INFO | P01 | === RUN START ===
2026-01-16 16:13:57 | INFO | P01 | project=Foundations of Professional Python
2026-01-16 16:13:57 | INFO | P01 | repo_dir=datafun-01-foundations
2026-01-16 16:13:57 | INFO | P01 | python=3.14.2
2026-01-16 16:13:57 | INFO | P01 | os=Windows 11
2026-01-16 16:13:57 | INFO | P01 | shell=powershell
2026-01-16 16:13:57 | INFO | P01 | cwd=.
2026-01-16 16:13:57 | INFO | P01 | github_actions=False
2026-01-16 16:13:57 | INFO | P01 | =================
2026-01-16 16:13:57 | INFO | P01 | START main()..................
2026-01-16 16:13:57 | INFO | P01 | Generated formatted multi-line SUMMARY string.
2026-01-16 16:13:57 | INFO | P01 | Returning the str to the calling function.
2026-01-16 16:13:57 | INFO | P01 | 
    My Professional Information::
        Occupation: High School Mathematics Teacher
        Years of Experience: 31
        Undergraduate GPAC: 3.93
        Is Certified : True
        Teaching Strategies: Use of Visual Aids, Guided Practice, Frequeent Formative Assessment, Positive Reinforcement
    
2026-01-16 16:13:57 | INFO | P01 | Generated formatted multi-line SUMMARY string.
2026-01-16 16:13:57 | INFO | P01 | Returning the str to the calling function.
2026-01-16 16:13:57 | INFO | P01 | 
    Descriptive Statistics for Snowfall (inches):
        Total snowfall: 20.30 inches
        Count of measurements: 5
        Minimum snowfall: 2.30 inches
        Maximum snowfall: 6.50 inches
        Average snowfall: 4.06 inches
        Standard deviation: 1.86 inches
        Total snowfall: 20.30 inches
    
2026-01-16 16:13:57 | INFO | P01 | END main()..................
2026-01-16 16:20:56 | INFO | P01 | =================
2026-01-16 16:20:56 | INFO | P01 | === RUN START ===
2026-01-16 16:20:56 | INFO | P01 | project=Foundations of Professional Python
2026-01-16 16:20:56 | INFO | P01 | repo_dir=datafun-01-foundations
2026-01-16 16:20:56 | INFO | P01 | python=3.14.2
2026-01-16 16:20:56 | INFO | P01 | os=Windows 11
2026-01-16 16:20:56 | INFO | P01 | shell=powershell
2026-01-16 16:20:56 | INFO | P01 | cwd=.
2026-01-16 16:20:56 | INFO | P01 | github_actions=False
2026-01-16 16:20:56 | INFO | P01 | =================
2026-01-16 16:20:56 | INFO | P01 | START main()..................
2026-01-16 16:20:56 | INFO | P01 | Generated formatted multi-line SUMMARY string.
2026-01-16 16:20:56 | INFO | P01 | Returning the str to the calling function.
2026-01-16 16:20:56 | INFO | P01 | 
    My Professional Information:
        Company: DataFun Analytics
        Occupation: High School Mathematics Teacher
        Years of Experience: 31
        Undergraduate GPAC: 3.93
        Is Certified : True
        Teaching Strategies: Use of Visual Aids, Guided Practice, Frequeent Formative Assessment, Positive Reinforcement
    
2026-01-16 16:20:56 | INFO | P01 | Generated formatted multi-line SUMMARY string.
2026-01-16 16:20:56 | INFO | P01 | Returning the str to the calling function.
2026-01-16 16:20:56 | INFO | P01 | 
    Descriptive Statistics for Snowfall (inches):
        Total snowfall: 20.30 inches
        Count of measurements: 5
        Minimum snowfall: 2.30 inches
        Maximum snowfall: 6.50 inches
        Average snowfall: 4.06 inches
        Standard deviation: 1.86 inches
        Total snowfall: 20.30 inches
    
2026-01-16 16:20:56 | INFO | P01 | END main()..................
2026-01-16 16:22:30 | INFO | P01 | =================
2026-01-16 16:22:30 | INFO | P01 | === RUN START ===
2026-01-16 16:22:30 | INFO | P01 | project=Foundations of Professional Python
2026-01-16 16:22:30 | INFO | P01 | repo_dir=datafun-01-foundations
2026-01-16 16:22:30 | INFO | P01 | python=3.14.2
2026-01-16 16:22:30 | INFO | P01 | os=Windows 11
2026-01-16 16:22:30 | INFO | P01 | shell=powershell
2026-01-16 16:22:30 | INFO | P01 | cwd=.
2026-01-16 16:22:30 | INFO | P01 | github_actions=False
2026-01-16 16:22:30 | INFO | P01 | =================
2026-01-16 16:22:30 | INFO | P01 | START main()..................
2026-01-16 16:22:30 | INFO | P01 | Generated formatted multi-line SUMMARY string.
2026-01-16 16:22:30 | INFO | P01 | Returning the str to the calling function.
2026-01-16 16:22:30 | INFO | P01 | 
    My Professional Information:
        Company: DataFun Analytics
        Employee Count: 150
        Occupation: High School Mathematics Teacher
        Years of Experience: 31
        Undergraduate GPAC: 3.93
        Is Certified : True
        Teaching Strategies: Use of Visual Aids, Guided Practice, Frequeent Formative Assessment, Positive Reinforcement
    
2026-01-16 16:22:30 | INFO | P01 | Generated formatted multi-line SUMMARY string.
2026-01-16 16:22:30 | INFO | P01 | Returning the str to the calling function.
2026-01-16 16:22:30 | INFO | P01 | 
    Descriptive Statistics for Snowfall (inches):
        Total snowfall: 20.30 inches
        Count of measurements: 5
        Minimum snowfall: 2.30 inches
        Maximum snowfall: 6.50 inches
        Average snowfall: 4.06 inches
        Standard deviation: 1.86 inches
        Total snowfall: 20.30 inches
    
2026-01-16 16:22:30 | INFO | P01 | END main()..................
2026-01-16 16:28:34 | INFO | P01 | =================
2026-01-16 16:28:34 | INFO | P01 | === RUN START ===
2026-01-16 16:28:34 | INFO | P01 | project=Foundations of Professional Python
2026-01-16 16:28:34 | INFO | P01 | repo_dir=datafun-01-foundations
2026-01-16 16:28:34 | INFO | P01 | python=3.14.2
2026-01-16 16:28:34 | INFO | P01 | os=Windows 11
2026-01-16 16:28:34 | INFO | P01 | shell=powershell
2026-01-16 16:28:34 | INFO | P01 | cwd=.
2026-01-16 16:28:34 | INFO | P01 | github_actions=False
2026-01-16 16:28:34 | INFO | P01 | =================
2026-01-16 16:28:34 | INFO | P01 | START main()..................
2026-01-16 16:28:34 | INFO | P01 | Generated formatted multi-line SUMMARY string.
2026-01-16 16:28:34 | INFO | P01 | Returning the str to the calling function.
2026-01-16 16:28:34 | INFO | P01 | 
    My Professional Information:
        Company: DataFun Analytics
        Employee Count: 150
        Occupation: High School Mathematics Teacher
        Years of Experience: 31
        Undergraduate GPAC: 3.93
        Is Certified : True
        Teaching Strategies: ['Use of Visual Aids', 'Guided Practice', 'Frequeent Formative Assessment', 'Critical Thinking Exercises', 'Positive Reinforcement']
    
2026-01-16 16:28:34 | INFO | P01 | Generated formatted multi-line SUMMARY string.
2026-01-16 16:28:34 | INFO | P01 | Returning the str to the calling function.
2026-01-16 16:28:34 | INFO | P01 | 
    Descriptive Statistics for Snowfall (inches):
        Total snowfall: 20.30 inches
        Count of measurements: 5
        Minimum snowfall: 2.30 inches
        Maximum snowfall: 6.50 inches
        Average snowfall: 4.06 inches
        Standard deviation: 1.86 inches
        Total snowfall: 20.30 inches
    
2026-01-16 16:28:34 | INFO | P01 | END main()..................
2026-01-16 16:35:16 | INFO | P01 | =================
2026-01-16 16:35:16 | INFO | P01 | === RUN START ===
2026-01-16 16:35:16 | INFO | P01 | project=Foundations of Professional Python
2026-01-16 16:35:16 | INFO | P01 | repo_dir=datafun-01-foundations
2026-01-16 16:35:16 | INFO | P01 | python=3.14.2
2026-01-16 16:35:16 | INFO | P01 | os=Windows 11
2026-01-16 16:35:16 | INFO | P01 | shell=powershell
2026-01-16 16:35:16 | INFO | P01 | cwd=.
2026-01-16 16:35:16 | INFO | P01 | github_actions=False
2026-01-16 16:35:16 | INFO | P01 | =================
2026-01-16 16:35:16 | INFO | P01 | START main()..................
2026-01-16 16:35:16 | INFO | P01 | Generated formatted multi-line SUMMARY string.
2026-01-16 16:35:16 | INFO | P01 | Returning the str to the calling function.
2026-01-16 16:35:16 | INFO | P01 | 
    My Professional Information:
        Company: DataFun Analytics
        Employee Count: 150
        Occupation: High School Mathematics Teacher
        Years of Experience: 31
        Undergraduate GPAC: 3.93
        Is Certified : True
        Teaching Strategies: ['Problem Solving', 'Guided Practice', 'Critical Thinking Exercises', 'Multiple Representations']
    
2026-01-16 16:35:16 | INFO | P01 | Generated formatted multi-line SUMMARY string.
2026-01-16 16:35:16 | INFO | P01 | Returning the str to the calling function.
2026-01-16 16:35:16 | INFO | P01 | 
    Descriptive Statistics for Snowfall (inches):
        Total snowfall: 20.30 inches
        Count of measurements: 5
        Minimum snowfall: 2.30 inches
        Maximum snowfall: 6.50 inches
        Average snowfall: 4.06 inches
        Standard deviation: 1.86 inches
    
2026-01-16 16:35:16 | INFO | P01 | END main()..................
2026-01-16 16:36:00 | INFO | P01 | =================
2026-01-16 16:36:00 | INFO | P01 | === RUN START ===
2026-01-16 16:36:00 | INFO | P01 | project=Foundations of Professional Python
2026-01-16 16:36:00 | INFO | P01 | repo_dir=datafun-01-foundations
2026-01-16 16:36:00 | INFO | P01 | python=3.14.2
2026-01-16 16:36:00 | INFO | P01 | os=Windows 11
2026-01-16 16:36:00 | INFO | P01 | shell=powershell
2026-01-16 16:36:00 | INFO | P01 | cwd=.
2026-01-16 16:36:00 | INFO | P01 | github_actions=False
2026-01-16 16:36:00 | INFO | P01 | =================
2026-01-16 16:36:00 | INFO | P01 | START main()..................
2026-01-16 16:36:00 | INFO | P01 | Generated formatted multi-line SUMMARY string.
2026-01-16 16:36:00 | INFO | P01 | Returning the str to the calling function.
2026-01-16 16:36:00 | INFO | P01 | 
    Custom Information:
        Company name: DataFun Analytics
        Employee count: 150
        Department: Data Analytics
        Budget: $500,000
        Growth Rate: 15.0%
        Is Certified: True
        Services: Analytics, Data Science, Machine Learning, Consulting
    
2026-01-16 16:36:00 | INFO | P01 | Generated formatted multi-line SUMMARY string.
2026-01-16 16:36:00 | INFO | P01 | Returning the str to the calling function.
2026-01-16 16:36:00 | INFO | P01 | 
    Descriptive Statistics for Snowfall (inches):
        Total snowfall: 23.00 inches
        Count of measurements: 5
        Minimum snowfall: 2.50 inches
        Maximum snowfall: 6.50 inches
        Average snowfall: 4.60 inches
        Standard deviation: 1.60 inches
    
2026-01-16 16:36:00 | INFO | P01 | END main()..................
2026-01-16 16:49:56 | INFO | P01 | =================
2026-01-16 16:49:56 | INFO | P01 | === RUN START ===
2026-01-16 16:49:56 | INFO | P01 | project=Foundations of Professional Python
2026-01-16 16:49:56 | INFO | P01 | repo_dir=datafun-01-foundations
2026-01-16 16:49:56 | INFO | P01 | python=3.14.2
2026-01-16 16:49:56 | INFO | P01 | os=Windows 11
2026-01-16 16:49:56 | INFO | P01 | shell=powershell
2026-01-16 16:49:56 | INFO | P01 | cwd=.
2026-01-16 16:49:56 | INFO | P01 | github_actions=False
2026-01-16 16:49:56 | INFO | P01 | =================
2026-01-16 16:49:56 | INFO | P01 | START main()..................
2026-01-16 16:49:56 | INFO | P01 | Generated formatted multi-line SUMMARY string.
2026-01-16 16:49:56 | INFO | P01 | Returning the str to the calling function.
2026-01-16 16:49:56 | INFO | P01 | 
    Custom Information:
        Company name: DataFun Analytics
        Employee count: 150
        Degree Program: Master of Science in Mathematics
        Current Course Load: 2
        Average Weekly Study Time: 15.5 hours
        Is Certified: True
        Previous Courses: ['Abstract Algebra', 'Number Theory', 'Elemntary Statictical Concepts', 'Analytic Geometry']
    
2026-01-16 16:49:56 | INFO | P01 | Generated formatted multi-line SUMMARY string.
2026-01-16 16:49:56 | INFO | P01 | Returning the str to the calling function.
2026-01-16 16:49:56 | INFO | P01 | 
    Descriptive Statistics for Snowfall (inches):
        Total snowfall: 23.70 inches
        Count of measurements: 5
        Minimum snowfall: 2.50 inches
        Maximum snowfall: 6.50 inches
        Average snowfall: 4.74 inches
        Standard deviation: 1.67 inches
    
2026-01-16 16:49:56 | INFO | P01 | END main()..................
2026-01-16 16:52:59 | INFO | P01 | =================
2026-01-16 16:52:59 | INFO | P01 | === RUN START ===
2026-01-16 16:52:59 | INFO | P01 | project=Foundations of Professional Python
2026-01-16 16:52:59 | INFO | P01 | repo_dir=datafun-01-foundations
2026-01-16 16:52:59 | INFO | P01 | python=3.14.2
2026-01-16 16:52:59 | INFO | P01 | os=Windows 11
2026-01-16 16:52:59 | INFO | P01 | shell=powershell
2026-01-16 16:52:59 | INFO | P01 | cwd=.
2026-01-16 16:52:59 | INFO | P01 | github_actions=False
2026-01-16 16:52:59 | INFO | P01 | =================
2026-01-16 16:52:59 | INFO | P01 | START main()..................
2026-01-16 16:52:59 | INFO | P01 | Generated formatted multi-line SUMMARY string.
2026-01-16 16:52:59 | INFO | P01 | Returning the str to the calling function.
2026-01-16 16:52:59 | INFO | P01 | 
    Custom Information:
        Company name: DataFun Analytics
        Employee count: 150
        Degree Program: Master of Science in Mathematics
        Current Course Load: 2
        Average Weekly Study Time: 15.5 hours
        Is Certified: True
        Previous Courses: ['Abstract Algebra', 'Number Theory', 'Elemntary Statictical Concepts', 'Analytic Geometry']
    
2026-01-16 16:52:59 | INFO | P01 | Generated formatted multi-line SUMMARY string.
2026-01-16 16:52:59 | INFO | P01 | Returning the str to the calling function.
2026-01-16 16:52:59 | INFO | P01 | 
    Descriptive Statistics for Snowfall (inches):
        Total snowfall: 23.70 inches
        Count of measurements: 5
        Minimum snowfall: 2.50 inches
        Maximum snowfall: 6.50 inches
        Average snowfall: 4.74 inches
        Standard deviation: 1.67 inches
    
2026-01-16 16:52:59 | INFO | P01 | END main()..................
